<?xml version="1.0" encoding="UTF-8"?>
<!-- Generated by org.testng.reporters.JUnitReportReporter -->
<testsuite hostname="DESKTOP-HRF3DE4" failures="0" tests="1" name="Despegar.WikiTest" time="4.547" errors="0" timestamp="2022-06-06T23:00:18 ART" skipped="0">
  <testcase classname="Despegar.WikiTest" name="ValidarBusquedaWikipedia" time="4.547"/>
  <system-out>
    <![CDATA[No se seleciono ningun navegador
Abrir Navegador Chrome]]>
  </system-out>
</testsuite> <!-- Despegar.WikiTest -->
